<?xml version="1.0" encoding="UTF-8"?>
<!-- Generated by org.testng.reporters.JUnitReportReporter -->
<testsuite hostname="LAPTOP-HSH79DK9" failures="0" tests="1" name="testNG.FirstTest" time="0.007" errors="0" timestamp="2022-11-10T12:05:47 IST" skipped="0">
  <testcase classname="testNG.FirstTest" name="firstTest" time="0.007"/>
  <system-out>
    <![CDATA[First test]]>
  </system-out>
</testsuite> <!-- testNG.FirstTest -->
