<?xml version="1.0" encoding="UTF-8"?>
<!-- Generated by org.testng.reporters.JUnitReportReporter -->
<testsuite hostname="LAPTOP-HSH79DK9" failures="0" tests="1" name="testNGBatchExecution.SecondTest" time="0.009" errors="0" timestamp="2022-11-14T13:20:38 IST" skipped="0">
  <testcase classname="testNGBatchExecution.SecondTest" name="secondTest" time="0.009"/>
  <system-out>
    <![CDATA[Test 2]]>
  </system-out>
</testsuite> <!-- testNGBatchExecution.SecondTest -->
