<?xml version="1.0" encoding="UTF-8"?>
<!-- Generated by org.testng.reporters.JUnitReportReporter -->
<testsuite hostname="LAPTOP-HSH79DK9" failures="0" tests="11" name="testNG.EnabledParameterPractice" time="0.071" errors="0" timestamp="2022-11-10T19:53:18 IST" skipped="2">
  <testcase classname="testNG.EnabledParameterPractice" name="demo4" time="0.020"/>
  <system-out>
    <![CDATA[demo4 test]]>
  </system-out>
  <testcase classname="testNG.EnabledParameterPractice" name="demo4" time="0.009"/>
  <system-out>
    <![CDATA[demo4 test]]>
  </system-out>
  <testcase classname="testNG.EnabledParameterPractice" name="demo4" time="0.004"/>
  <system-out>
    <![CDATA[demo4 test]]>
  </system-out>
  <testcase classname="testNG.EnabledParameterPractice" name="demo5" time="0.019"/>
  <system-out>
    <![CDATA[demo5 test]]>
  </system-out>
  <testcase classname="testNG.EnabledParameterPractice" name="demo5" time="0.005"/>
  <system-out>
    <![CDATA[demo5 test]]>
  </system-out>
  <testcase classname="testNG.EnabledParameterPractice" name="demo5" time="0.002"/>
  <system-out>
    <![CDATA[demo5 test]]>
  </system-out>
  <testcase classname="testNG.EnabledParameterPractice" name="demo5" time="0.003"/>
  <system-out>
    <![CDATA[demo5 test]]>
  </system-out>
  <testcase classname="testNG.EnabledParameterPractice" name="demo2" time="0.003"/>
  <system-out>
    <![CDATA[demo2 test]]>
  </system-out>
  <testcase classname="testNG.EnabledParameterPractice" name="demo2" time="0.006"/>
  <system-out>
    <![CDATA[demo2 test]]>
  </system-out>
  <testcase classname="testNG.EnabledParameterPractice" name="demo3">
    <skipped/>
  </testcase> <!-- demo3 -->
  <system-out/>
  <testcase classname="testNG.EnabledParameterPractice" name="demo1">
    <skipped/>
  </testcase> <!-- demo1 -->
  <system-out/>
</testsuite> <!-- testNG.EnabledParameterPractice -->
