<?xml version="1.0" encoding="UTF-8"?>
<!-- Generated by org.testng.reporters.JUnitReportReporter -->
<testsuite hostname="LAPTOP-HSH79DK9" failures="0" tests="1" name="testNG.FirstText" time="0.008" errors="0" timestamp="2022-11-10T11:55:01 IST" skipped="0">
  <testcase classname="testNG.FirstText" name="firstText" time="0.008"/>
  <system-out>
    <![CDATA[First test]]>
  </system-out>
</testsuite> <!-- testNG.FirstText -->
